<?xml version="1.0" encoding="UTF-8"?>
<!-- Generated by org.testng.reporters.JUnitReportReporter -->
<testsuite skipped="0" hostname="LAPTOP-7NC8C0E5" name="SelfPractise.TestNgBasics" tests="3" failures="0" timestamp="26 Jan 2019 10:06:59 GMT" time="0.025" errors="0">
  <testcase name="test2" time="0.005" classname="SelfPractise.TestNgBasics"/>
  <testcase name="test3" time="0.008" classname="SelfPractise.TestNgBasics"/>
  <testcase name="test" time="0.012" classname="SelfPractise.TestNgBasics"/>
</testsuite> <!-- SelfPractise.TestNgBasics -->
